
> frontend-vue@1.0.0 serve
> vue-cli-service serve

 INFO  Starting development server...
[3%] setup (watch run)
[2K[1A[2K[G[3%] setup (watch run vue-loader-plugin)
[2K[1A[2K[G[3%] setup (watch run webpack-dev-middleware)
[2K[1A[2K[G[3%] setup (watch run)
[2K[1A[2K[G[4%] setup (normal module factory)
[2K[1A[2K[G[4%] setup (normal module factory CaseSensitivePathsPlugin)
[2K[1A[2K[G[4%] setup (normal module factory)
[2K[1A[2K[G[5%] setup (context module factory)
[2K[1A[2K[G[6%] setup (before compile)
[2K[1A[2K[G[6%] setup (before compile ProgressPlugin)
[2K[1A[2K[G[6%] setup (before compile)
[2K[1A[2K[G[7%] setup (compile)
[2K[1A[2K[G[7%] setup (compile ExternalsPlugin)
[2K[1A[2K[G[7%] setup (compile)
[2K[1A[2K[G[8%] setup (compilation)
[2K[1A[2K[G[8%] setup (compilation HtmlWebpackPlugin)
[2K[1A[2K[G[8%] setup (compilation CopyPlugin)
[2K[1A[2K[G[8%] setup (compilation ArrayPushCallbackChunkFormatPlugin)
[2K[1A[2K[G[8%] setup (compilation JsonpChunkLoadingPlugin)
[2K[1A[2K[G[8%] setup (compilation StartupChunkDependenciesPlugin)
[2K[1A[2K[G[8%] setup (compilation ImportScriptsChunkLoadingPlugin)
[2K[1A[2K[G[8%] setup (compilation WorkerPlugin)
[2K[1A[2K[G[8%] setup (compilation SplitChunksPlugin)
[2K[1A[2K[G[8%] setup (compilation ResolverCachePlugin)
[2K[1A[2K[G[8%] setup (compilation)
[2K[1A[2K[G[9%] setup (compilation)
[2K[1A[2K[G[9%] setup (compilation vue-loader-plugin)
[2K[1A[2K[G[9%] setup (compilation DefinePlugin)
[2K[1A[2K[G[9%] setup (compilation ProgressPlugin)
[2K[1A[2K[G[9%] setup (compilation EntryPlugin)
[2K[1A[2K[G[9%] setup (compilation ChunkPrefetchPreloadPlugin)
[2K[1A[2K[G[9%] setup (compilation ModuleInfoHeaderPlugin)
[2K[1A[2K[G[9%] setup (compilation EvalSourceMapDevToolPlugin)
[2K[1A[2K[G[9%] setup (compilation JavascriptModulesPlugin)
[2K[1A[2K[G[9%] setup (compilation JsonModulesPlugin)
[2K[1A[2K[G[9%] setup (compilation AssetModulesPlugin)
[2K[1A[2K[G[9%] setup (compilation EntryPlugin)
[2K[1A[2K[G[9%] setup (compilation RuntimePlugin)
[2K[1A[2K[G[9%] setup (compilation InferAsyncModulesPlugin)
[2K[1A[2K[G[9%] setup (compilation DataUriPlugin)
[2K[1A[2K[G[9%] setup (compilation FileUriPlugin)
[2K[1A[2K[G[9%] setup (compilation CompatibilityPlugin)
[2K[1A[2K[G[9%] setup (compilation HarmonyModulesPlugin)
[2K[1A[2K[G[9%] setup (compilation AMDPlugin)
[2K[1A[2K[G[9%] setup (compilation RequireJsStuffPlugin)
[2K[1A[2K[G[9%] setup (compilation CommonJsPlugin)
[2K[1A[2K[G[9%] setup (compilation LoaderPlugin)
[2K[1A[2K[G[9%] setup (compilation NodeStuffPlugin)
[2K[1A[2K[G[9%] setup (compilation APIPlugin)
[2K[1A[2K[G[9%] setup (compilation ExportsInfoApiPlugin)
[2K[1A[2K[G[9%] setup (compilation WebpackIsIncludedPlugin)
[2K[1A[2K[G[9%] setup (compilation ConstPlugin)
[2K[1A[2K[G[9%] setup (compilation UseStrictPlugin)
[2K[1A[2K[G[9%] setup (compilation RequireIncludePlugin)
[2K[1A[2K[G[9%] setup (compilation RequireEnsurePlugin)
[2K[1A[2K[G[9%] setup (compilation RequireContextPlugin)
[2K[1A[2K[G[9%] setup (compilation ImportPlugin)
[2K[1A[2K[G[9%] setup (compilation ImportMetaContextPlugin)
[2K[1A[2K[G[9%] setup (compilation SystemPlugin)
[2K[1A[2K[G[9%] setup (compilation ImportMetaPlugin)
[2K[1A[2K[G[9%] setup (compilation URLPlugin)
[2K[1A[2K[G[9%] setup (compilation DefaultStatsFactoryPlugin)
[2K[1A[2K[G[9%] setup (compilation DefaultStatsPresetPlugin)
[2K[1A[2K[G[9%] setup (compilation DefaultStatsPrinterPlugin)
[2K[1A[2K[G[9%] setup (compilation JavascriptMetaInfoPlugin)
[2K[1A[2K[G[9%] setup (compilation EnsureChunkConditionsPlugin)
[2K[1A[2K[G[9%] setup (compilation RemoveEmptyChunksPlugin)
[2K[1A[2K[G[9%] setup (compilation MergeDuplicateChunksPlugin)
[2K[1A[2K[G[9%] setup (compilation SideEffectsFlagPlugin)
[2K[1A[2K[G[9%] setup (compilation FlagDependencyExportsPlugin)
[2K[1A[2K[G[9%] setup (compilation NamedModuleIdsPlugin)
[2K[1A[2K[G[9%] setup (compilation NamedChunkIdsPlugin)
[2K[1A[2K[G[9%] setup (compilation DefinePlugin)
[2K[1A[2K[G[9%] setup (compilation TemplatedPathPlugin)
[2K[1A[2K[G[9%] setup (compilation RecordIdsPlugin)
[2K[1A[2K[G[9%] setup (compilation WarnCaseSensitiveModulesPlugin)
[2K[1A[2K[G[9%] setup (compilation EntryPlugin)
[2K[1A[2K[G[9%] setup (compilation ProvidePlugin)
[2K[1A[2K[G[9%] setup (compilation HotModuleReplacementPlugin)
[2K[1A[2K[G[9%] setup (compilation ProgressPlugin)
[2K[1A[2K[G[9%] setup (compilation)
[2K[1A[2K[G[10%] building 
[2K[1A[2K[G[10%] building (0/0 modules)
[2K[1A[2K[G[10%] building (0/1 modules)
[2K[1A[2K[G[10%] building (import loader vue-loader/dist/index.js)
[2K[1A[2K[G[10%] building (0/9 modules)
[2K[1A[2K[G[10%] building (import loader vue-loader/dist/pitcher.js)
[2K[1A[2K[G[10%] building (0/31 modules)
[2K[1A[2K[G[10%] building (import loader vue-loader/dist/templateLoader.js)
[2K[1A[2K[G[10%] building (0/31 modules)
[2K[1A[2K[G[24%] building (1/35 modules)
[2K[1A[2K[G[24%] building (10/100 modules)
[2K[1A[2K[G[24%] building (10/200 modules)
[2K[1A[2K[G[24%] building (11/300 modules)
[2K[1A[2K[G[24%] building (import loader vue-style-loader/index.js)
[2K[1A[2K[G[24%] building (import loader css-loader/dist/cjs.js)
[2K[1A[2K[G[24%] building (import loader postcss-loader/dist/cjs.js)
[2K[1A[2K[G[24%] building (35/336 modules)
[2K[1A[2K[G[24%] building (47/400 modules)
[2K[1A[2K[G[24%] building (54/455 modules)
[2K[1A[2K[G[24%] building (72/526 modules)
[2K[1A[2K[G[24%] building (83/543 modules)
[2K[1A[2K[G[24%] building (import loader vue-loader/dist/stylePostLoader.js)
[2K[1A[2K[G[24%] building (86/560 modules)
[2K[1A[2K[G[24%] building (89/588 modules)
[2K[1A[2K[G[38%] building (98/591 modules)
[2K[1A[2K[G[38%] building (100/634 modules)
[2K[1A[2K[G[38%] building (190/707 modules)
[2K[1A[2K[G[51%] building (208/724 modules)
[2K[1A[2K[G[51%] building (249/787 modules)
[2K[1A[2K[G[51%] building (324/823 modules)
[2K[1A[2K[G[51%] building (396/905 modules)
[2K[1A[2K[G[51%] building (474/946 modules)
[2K[1A[2K[G[51%] building (499/1069 modules)
[2K[1A[2K[G[51%] building (516/1168 modules)
[2K[1A[2K[G[51%] building (516/1266 modules)
[2K[1A[2K[G[51%] building (517/1359 modules)
[2K[1A[2K[G[51%] building (518/1431 modules)
[2K[1A[2K[G[51%] building (552/1549 modules)
[2K[1A[2K[G[51%] building (592/1638 modules)
[2K[1A[2K[G[51%] building (608/1695 modules)
[2K[1A[2K[G[51%] building (624/1700 modules)
[2K[1A[2K[G[51%] building (651/1773 modules)
[2K[1A[2K[G[51%] building (660/1801 modules)
[2K[1A[2K[G[51%] building (676/1855 modules)
[2K[1A[2K[G[51%] building (702/1921 modules)
[2K[1A[2K[G[51%] building (721/1942 modules)
[2K[1A[2K[G[51%] building (831/1977 modules)
[2K[1A[2K[G[51%] building (954/2000 modules)
[2K[1A[2K[G[51%] building (1048/2030 modules)
[2K[1A[2K[G[51%] building (1161/2067 modules)
[2K[1A[2K[G[51%] building (1171/2071 modules)
[2K[1A[2K[G[51%] building (1353/2100 modules)
[2K[1A[2K[G[51%] building (1590/2130 modules)
[2K[1A[2K[G[51%] building (1900/2154 modules)
[2K[1A[2K[G[65%] building (2158/2158 modules)
[2K[1A[2K[G[65%] building 
[2K[1A[2K[G[69%] building (finish)
[2K[1A[2K[G[70%] sealing (finish module graph)
[2K[1A[2K[G[70%] sealing (finish module graph ResolverCachePlugin)
[2K[1A[2K[G[70%] sealing (finish module graph InferAsyncModulesPlugin)
[2K[1A[2K[G[70%] sealing (finish module graph FlagDependencyExportsPlugin)
[2K[1A[2K[G[70%] sealing (finish module graph)
[2K[1A[2K[G[71%] sealing (plugins)
[2K[1A[2K[G[71%] sealing (plugins WarnCaseSensitiveModulesPlugin)
[2K[1A[2K[G[71%] sealing (plugins)
[2K[1A[2K[G[71%] sealing (dependencies optimization)
[2K[1A[2K[G[71%] sealing (dependencies optimization SideEffectsFlagPlugin)
[2K[1A[2K[G[71%] sealing (dependencies optimization)
[2K[1A[2K[G[72%] sealing (after dependencies optimization)
[2K[1A[2K[G[73%] sealing (chunk graph)
[2K[1A[2K[G[73%] sealing (after chunk graph)
[2K[1A[2K[G[74%] sealing (optimizing)
[2K[1A[2K[G[74%] sealing (module optimization)
[2K[1A[2K[G[75%] sealing (after module optimization)
[2K[1A[2K[G[76%] sealing (chunk optimization)
[2K[1A[2K[G[76%] sealing (chunk optimization EnsureChunkConditionsPlugin)
[2K[1A[2K[G[76%] sealing (chunk optimization RemoveEmptyChunksPlugin)
[2K[1A[2K[G[76%] sealing (chunk optimization MergeDuplicateChunksPlugin)
[2K[1A[2K[G[76%] sealing (chunk optimization SplitChunksPlugin)
[2K[1A[2K[G[76%] sealing (chunk optimization RemoveEmptyChunksPlugin)
[2K[1A[2K[G[76%] sealing (chunk optimization)
[2K[1A[2K[G[76%] sealing (after chunk optimization)
[2K[1A[2K[G[77%] sealing (module and chunk tree optimization)
[2K[1A[2K[G[77%] sealing (module and chunk tree optimization PersistentChildCompilerSinglet
onPlugin)
[2K[1A[2K[1A[2K[G[77%] sealing (module and chunk tree optimization)
[2K[1A[2K[G[78%] sealing (after module and chunk tree optimization)
[2K[1A[2K[G[78%] sealing (chunk modules optimization)
[2K[1A[2K[G[79%] sealing (after chunk modules optimization)
[2K[1A[2K[G[80%] sealing (module reviving)
[2K[1A[2K[G[80%] sealing (module reviving RecordIdsPlugin)
[2K[1A[2K[G[80%] sealing (module reviving)
[2K[1A[2K[G[80%] sealing (before module ids)
[2K[1A[2K[G[81%] sealing (module ids)
[2K[1A[2K[G[81%] sealing (module ids NamedModuleIdsPlugin)
[2K[1A[2K[G[81%] sealing (module ids)
[2K[1A[2K[G[82%] sealing (module id optimization)
[2K[1A[2K[G[82%] sealing (module id optimization)
[2K[1A[2K[G[83%] sealing (chunk reviving)
[2K[1A[2K[G[83%] sealing (chunk reviving RecordIdsPlugin)
[2K[1A[2K[G[83%] sealing (chunk reviving)
[2K[1A[2K[G[83%] sealing (before chunk ids)
[2K[1A[2K[G[84%] sealing (chunk ids)
[2K[1A[2K[G[84%] sealing (chunk ids NamedChunkIdsPlugin)
[2K[1A[2K[G[84%] sealing (chunk ids)
[2K[1A[2K[G[85%] sealing (chunk id optimization)
[2K[1A[2K[G[85%] sealing (after chunk id optimization)
[2K[1A[2K[G[86%] sealing (record modules)
[2K[1A[2K[G[86%] sealing (record modules RecordIdsPlugin)
[2K[1A[2K[G[86%] sealing (record modules)
[2K[1A[2K[G[87%] sealing (record chunks)
[2K[1A[2K[G[87%] sealing (record chunks RecordIdsPlugin)
[2K[1A[2K[G[87%] sealing (record chunks)
[2K[1A[2K[G[87%] sealing (module hashing)
[2K[1A[2K[G[88%] sealing (code generation)
[2K[1A[2K[G[89%] sealing (runtime requirements)
[2K[1A[2K[G[89%] sealing (hashing)
[2K[1A[2K[G[90%] sealing (after hashing)
[2K[1A[2K[G[91%] sealing (record hash)
[2K[1A[2K[G[91%] sealing (module assets processing)
[2K[1A[2K[G[92%] sealing (chunk assets processing)
[2K[1A[2K[G[92%] sealing (asset processing)
[2K[1A[2K[G[92%] sealing (asset processing copy-webpack-plugin)
[2K[1A[2K[G[92%] sealing (asset processing HotModuleReplacementPlugin)
[2K[1A[2K[G[92%] sealing (asset processing PersistentChildCompilerSingletonPlugin)
[2K[1A[2K[G[92%] sealing (asset processing HtmlWebpackPlugin)
[2K[1A[2K[G[92%] sealing (asset processing)
[2K[1A[2K[G[93%] sealing (after asset optimization)
[2K[1A[2K[G[94%] sealing (recording)
[2K[1A[2K[G[94%] sealing (recording HotModuleReplacementPlugin)
[2K[1A[2K[G[94%] sealing (recording)
[2K[1A[2K[G[94%] sealing (after seal)
[2K[1A[2K[G[95%] emitting (emit)
[2K[1A[2K[G[98%] emitting (after emit)
[2K[1A[2K[GBuild finished at 07:30:02 by 0.000s
[2K[1A[2K[GBuild finished at 07:30:02 by 0.000s
[2K[1A[2K[GBuild finished at 07:30:02 by 0.000s
[2K[1A[2K[G WARNING  Compiled with 1 warning07:30:02

 warning  in ./src/views/Cashier.vue?vue&type=script&setup=true&lang=js

export 'orderAPI' (imported as 'orderAPI') was not found in '../api' (possible exports: billAPI, categoryAPI, dashboardAPI, default, productAPI, reportAPI, statsAPI, systemAPI)

Build finished at 07:30:02 by 0.000s
[2K[1A[2K[G
  App running at:
  - Local:   http://localhost:9528/ 
  - Network: unavailable

  Note that the development build is not optimized.
  To create a production build, run npm run build.

Build finished at 07:30:02 by 0.000s
[2K[1A[2K[GBuild finished at 07:30:02 by 0.000s
[2K[1A[2K[GBuild finished at 07:30:02 by 0.000s
[2K[1A[2K[GBuild finished at 07:30:02 by 0.000s
[2K[1A[2K[GBuild finished at 07:30:02 by 0.000s
[2K[1A[2K[GBuild finished at 07:30:02 by 0.000s
[2K[1A[2K[GBuild finished at 07:30:02 by 0.000s
[2K[1A[2K[GBuild finished at 07:30:02 by 0.000s
[2K[1A[2K[G(node:61400) [DEP0060] DeprecationWarning: The `util._extend` API is deprecated. Please use Object.assign() instead.
(Use `node --trace-deprecation ...` to show where the warning was created)
ÖÕÖ¹Åú´¦Àí²Ù×÷Âð(Y/N)? Build finished at 07:32:13 by 0.000s
[2K[1A[2K[GBuild finished at 07:32:13 by 0.000s
[2K[1A[2K[GBuild finished at 07:32:13 by 0.000s
[2K[1A[2K[GBuild finished at 07:32:13 by 0.000s
[2K[1A[2K[GBuild finished at 07:32:13 by 0.000s
[2K[1A[2K[G